  main.cpp
D:\Program Files (x86)\Microsoft Visual Studio\MULT\tut_Basic_Objects\main.cpp(53,24): warning C4305: +=: усечение из "double" в "float"
D:\Program Files (x86)\Microsoft Visual Studio\MULT\tut_Basic_Objects\main.cpp(63,30): warning C4305: +=: усечение из "double" в "float"
D:\Program Files (x86)\Microsoft Visual Studio\MULT\tut_Basic_Objects\main.cpp(68,28): warning C4305: -=: усечение из "double" в "float"
D:\Program Files (x86)\Microsoft Visual Studio\MULT\tut_Basic_Objects\main.cpp(75,24): warning C4305: -=: усечение из "double" в "float"
D:\Program Files (x86)\Microsoft Visual Studio\MULT\tut_Basic_Objects\main.cpp(100,28): warning C4305: аргумент: усечение из "double" в "GLfloat"
D:\Program Files (x86)\Microsoft Visual Studio\MULT\tut_Basic_Objects\main.cpp(101,24): warning C4305: аргумент: усечение из "double" в "GLfloat"
D:\Program Files (x86)\Microsoft Visual Studio\MULT\tut_Basic_Objects\main.cpp(102,25): warning C4305: аргумент: усечение из "double" в "GLfloat"
D:\Program Files (x86)\Microsoft Visual Studio\MULT\tut_Basic_Objects\main.cpp(103,25): warning C4305: аргумент: усечение из "double" в "GLfloat"
D:\Program Files (x86)\Microsoft Visual Studio\MULT\tut_Basic_Objects\main.cpp(105,30): warning C4305: аргумент: усечение из "double" в "GLfloat"
D:\Program Files (x86)\Microsoft Visual Studio\MULT\tut_Basic_Objects\main.cpp(106,24): warning C4305: аргумент: усечение из "double" в "GLfloat"
D:\Program Files (x86)\Microsoft Visual Studio\MULT\tut_Basic_Objects\main.cpp(107,24): warning C4305: аргумент: усечение из "double" в "GLfloat"
D:\Program Files (x86)\Microsoft Visual Studio\MULT\tut_Basic_Objects\main.cpp(108,24): warning C4305: аргумент: усечение из "double" в "GLfloat"
D:\Program Files (x86)\Microsoft Visual Studio\MULT\tut_Basic_Objects\main.cpp(110,30): warning C4305: аргумент: усечение из "double" в "GLfloat"
D:\Program Files (x86)\Microsoft Visual Studio\MULT\tut_Basic_Objects\main.cpp(111,24): warning C4305: аргумент: усечение из "double" в "GLfloat"
D:\Program Files (x86)\Microsoft Visual Studio\MULT\tut_Basic_Objects\main.cpp(112,24): warning C4305: аргумент: усечение из "double" в "GLfloat"
D:\Program Files (x86)\Microsoft Visual Studio\MULT\tut_Basic_Objects\main.cpp(113,24): warning C4305: аргумент: усечение из "double" в "GLfloat"
D:\Program Files (x86)\Microsoft Visual Studio\MULT\tut_Basic_Objects\main.cpp(115,30): warning C4305: аргумент: усечение из "double" в "GLfloat"
D:\Program Files (x86)\Microsoft Visual Studio\MULT\tut_Basic_Objects\main.cpp(116,24): warning C4305: аргумент: усечение из "double" в "GLfloat"
D:\Program Files (x86)\Microsoft Visual Studio\MULT\tut_Basic_Objects\main.cpp(117,24): warning C4305: аргумент: усечение из "double" в "GLfloat"
D:\Program Files (x86)\Microsoft Visual Studio\MULT\tut_Basic_Objects\main.cpp(118,24): warning C4305: аргумент: усечение из "double" в "GLfloat"
D:\Program Files (x86)\Microsoft Visual Studio\MULT\tut_Basic_Objects\main.cpp(120,30): warning C4305: аргумент: усечение из "double" в "GLfloat"
D:\Program Files (x86)\Microsoft Visual Studio\MULT\tut_Basic_Objects\main.cpp(121,25): warning C4305: аргумент: усечение из "double" в "GLfloat"
D:\Program Files (x86)\Microsoft Visual Studio\MULT\tut_Basic_Objects\main.cpp(122,25): warning C4305: аргумент: усечение из "double" в "GLfloat"
D:\Program Files (x86)\Microsoft Visual Studio\MULT\tut_Basic_Objects\main.cpp(123,25): warning C4305: аргумент: усечение из "double" в "GLfloat"
D:\Program Files (x86)\Microsoft Visual Studio\MULT\tut_Basic_Objects\main.cpp(125,30): warning C4305: аргумент: усечение из "double" в "GLfloat"
D:\Program Files (x86)\Microsoft Visual Studio\MULT\tut_Basic_Objects\main.cpp(126,25): warning C4305: аргумент: усечение из "double" в "GLfloat"
D:\Program Files (x86)\Microsoft Visual Studio\MULT\tut_Basic_Objects\main.cpp(127,25): warning C4305: аргумент: усечение из "double" в "GLfloat"
D:\Program Files (x86)\Microsoft Visual Studio\MULT\tut_Basic_Objects\main.cpp(128,25): warning C4305: аргумент: усечение из "double" в "GLfloat"
D:\Program Files (x86)\Microsoft Visual Studio\MULT\tut_Basic_Objects\main.cpp(136,28): warning C4305: аргумент: усечение из "double" в "GLfloat"
D:\Program Files (x86)\Microsoft Visual Studio\MULT\tut_Basic_Objects\main.cpp(137,26): warning C4305: аргумент: усечение из "double" в "GLfloat"
D:\Program Files (x86)\Microsoft Visual Studio\MULT\tut_Basic_Objects\main.cpp(138,26): warning C4305: аргумент: усечение из "double" в "GLfloat"
D:\Program Files (x86)\Microsoft Visual Studio\MULT\tut_Basic_Objects\main.cpp(139,25): warning C4305: аргумент: усечение из "double" в "GLfloat"
D:\Program Files (x86)\Microsoft Visual Studio\MULT\tut_Basic_Objects\main.cpp(140,25): warning C4305: аргумент: усечение из "double" в "GLfloat"
D:\Program Files (x86)\Microsoft Visual Studio\MULT\tut_Basic_Objects\main.cpp(142,28): warning C4305: аргумент: усечение из "double" в "GLfloat"
D:\Program Files (x86)\Microsoft Visual Studio\MULT\tut_Basic_Objects\main.cpp(143,26): warning C4305: аргумент: усечение из "double" в "GLfloat"
D:\Program Files (x86)\Microsoft Visual Studio\MULT\tut_Basic_Objects\main.cpp(144,26): warning C4305: аргумент: усечение из "double" в "GLfloat"
D:\Program Files (x86)\Microsoft Visual Studio\MULT\tut_Basic_Objects\main.cpp(145,25): warning C4305: аргумент: усечение из "double" в "GLfloat"
D:\Program Files (x86)\Microsoft Visual Studio\MULT\tut_Basic_Objects\main.cpp(146,25): warning C4305: аргумент: усечение из "double" в "GLfloat"
D:\Program Files (x86)\Microsoft Visual Studio\MULT\tut_Basic_Objects\main.cpp(158,30): warning C4305: аргумент: усечение из "double" в "GLfloat"
D:\Program Files (x86)\Microsoft Visual Studio\MULT\tut_Basic_Objects\main.cpp(159,25): warning C4305: аргумент: усечение из "double" в "GLfloat"
D:\Program Files (x86)\Microsoft Visual Studio\MULT\tut_Basic_Objects\main.cpp(160,24): warning C4305: аргумент: усечение из "double" в "GLfloat"
D:\Program Files (x86)\Microsoft Visual Studio\MULT\tut_Basic_Objects\main.cpp(165,28): warning C4305: аргумент: усечение из "double" в "GLfloat"
D:\Program Files (x86)\Microsoft Visual Studio\MULT\tut_Basic_Objects\main.cpp(168,24): warning C4305: аргумент: усечение из "double" в "GLfloat"
D:\Program Files (x86)\Microsoft Visual Studio\MULT\tut_Basic_Objects\main.cpp(169,25): warning C4305: аргумент: усечение из "double" в "GLfloat"
D:\Program Files (x86)\Microsoft Visual Studio\MULT\tut_Basic_Objects\main.cpp(180,28): warning C4305: аргумент: усечение из "double" в "GLfloat"
D:\Program Files (x86)\Microsoft Visual Studio\MULT\tut_Basic_Objects\main.cpp(181,23): warning C4305: аргумент: усечение из "double" в "GLfloat"
D:\Program Files (x86)\Microsoft Visual Studio\MULT\tut_Basic_Objects\main.cpp(182,25): warning C4305: аргумент: усечение из "double" в "GLfloat"
D:\Program Files (x86)\Microsoft Visual Studio\MULT\tut_Basic_Objects\main.cpp(183,26): warning C4305: аргумент: усечение из "double" в "GLfloat"
D:\Program Files (x86)\Microsoft Visual Studio\MULT\tut_Basic_Objects\main.cpp(185,28): warning C4305: аргумент: усечение из "double" в "GLfloat"
D:\Program Files (x86)\Microsoft Visual Studio\MULT\tut_Basic_Objects\main.cpp(186,25): warning C4305: аргумент: усечение из "double" в "GLfloat"
D:\Program Files (x86)\Microsoft Visual Studio\MULT\tut_Basic_Objects\main.cpp(188,26): warning C4305: аргумент: усечение из "double" в "GLfloat"
D:\Program Files (x86)\Microsoft Visual Studio\MULT\tut_Basic_Objects\main.cpp(194,28): warning C4305: аргумент: усечение из "double" в "GLfloat"
D:\Program Files (x86)\Microsoft Visual Studio\MULT\tut_Basic_Objects\main.cpp(195,26): warning C4305: аргумент: усечение из "double" в "GLfloat"
D:\Program Files (x86)\Microsoft Visual Studio\MULT\tut_Basic_Objects\main.cpp(196,26): warning C4305: аргумент: усечение из "double" в "GLfloat"
D:\Program Files (x86)\Microsoft Visual Studio\MULT\tut_Basic_Objects\main.cpp(197,27): warning C4305: аргумент: усечение из "double" в "GLfloat"
D:\Program Files (x86)\Microsoft Visual Studio\MULT\tut_Basic_Objects\main.cpp(198,27): warning C4305: аргумент: усечение из "double" в "GLfloat"
D:\Program Files (x86)\Microsoft Visual Studio\MULT\tut_Basic_Objects\main.cpp(209,28): warning C4305: аргумент: усечение из "double" в "GLfloat"
D:\Program Files (x86)\Microsoft Visual Studio\MULT\tut_Basic_Objects\main.cpp(210,24): warning C4305: аргумент: усечение из "double" в "GLfloat"
D:\Program Files (x86)\Microsoft Visual Studio\MULT\tut_Basic_Objects\main.cpp(212,27): warning C4305: аргумент: усечение из "double" в "GLfloat"
D:\Program Files (x86)\Microsoft Visual Studio\MULT\tut_Basic_Objects\main.cpp(213,26): warning C4305: аргумент: усечение из "double" в "GLfloat"
D:\Program Files (x86)\Microsoft Visual Studio\MULT\tut_Basic_Objects\main.cpp(225,28): warning C4305: аргумент: усечение из "double" в "GLfloat"
D:\Program Files (x86)\Microsoft Visual Studio\MULT\tut_Basic_Objects\main.cpp(226,25): warning C4305: аргумент: усечение из "double" в "GLfloat"
D:\Program Files (x86)\Microsoft Visual Studio\MULT\tut_Basic_Objects\main.cpp(227,25): warning C4305: аргумент: усечение из "double" в "GLfloat"
D:\Program Files (x86)\Microsoft Visual Studio\MULT\tut_Basic_Objects\main.cpp(228,26): warning C4305: аргумент: усечение из "double" в "GLfloat"
D:\Program Files (x86)\Microsoft Visual Studio\MULT\tut_Basic_Objects\main.cpp(229,26): warning C4305: аргумент: усечение из "double" в "GLfloat"
D:\Program Files (x86)\Microsoft Visual Studio\MULT\tut_Basic_Objects\main.cpp(231,28): warning C4305: аргумент: усечение из "double" в "GLfloat"
D:\Program Files (x86)\Microsoft Visual Studio\MULT\tut_Basic_Objects\main.cpp(233,25): warning C4305: аргумент: усечение из "double" в "GLfloat"
D:\Program Files (x86)\Microsoft Visual Studio\MULT\tut_Basic_Objects\main.cpp(234,27): warning C4305: аргумент: усечение из "double" в "GLfloat"
D:\Program Files (x86)\Microsoft Visual Studio\MULT\tut_Basic_Objects\main.cpp(235,27): warning C4305: аргумент: усечение из "double" в "GLfloat"
D:\Program Files (x86)\Microsoft Visual Studio\MULT\tut_Basic_Objects\main.cpp(238,28): warning C4305: аргумент: усечение из "double" в "GLfloat"
D:\Program Files (x86)\Microsoft Visual Studio\MULT\tut_Basic_Objects\main.cpp(239,27): warning C4305: аргумент: усечение из "double" в "GLfloat"
D:\Program Files (x86)\Microsoft Visual Studio\MULT\tut_Basic_Objects\main.cpp(240,27): warning C4305: аргумент: усечение из "double" в "GLfloat"
D:\Program Files (x86)\Microsoft Visual Studio\MULT\tut_Basic_Objects\main.cpp(241,28): warning C4305: аргумент: усечение из "double" в "GLfloat"
D:\Program Files (x86)\Microsoft Visual Studio\MULT\tut_Basic_Objects\main.cpp(242,28): warning C4305: аргумент: усечение из "double" в "GLfloat"
D:\Program Files (x86)\Microsoft Visual Studio\MULT\tut_Basic_Objects\main.cpp(244,28): warning C4305: аргумент: усечение из "double" в "GLfloat"
D:\Program Files (x86)\Microsoft Visual Studio\MULT\tut_Basic_Objects\main.cpp(245,27): warning C4305: аргумент: усечение из "double" в "GLfloat"
D:\Program Files (x86)\Microsoft Visual Studio\MULT\tut_Basic_Objects\main.cpp(246,27): warning C4305: аргумент: усечение из "double" в "GLfloat"
D:\Program Files (x86)\Microsoft Visual Studio\MULT\tut_Basic_Objects\main.cpp(247,26): warning C4305: аргумент: усечение из "double" в "GLfloat"
D:\Program Files (x86)\Microsoft Visual Studio\MULT\tut_Basic_Objects\main.cpp(248,26): warning C4305: аргумент: усечение из "double" в "GLfloat"
D:\Program Files (x86)\Microsoft Visual Studio\MULT\tut_Basic_Objects\main.cpp(253,28): warning C4305: аргумент: усечение из "double" в "GLfloat"
D:\Program Files (x86)\Microsoft Visual Studio\MULT\tut_Basic_Objects\main.cpp(254,25): warning C4305: аргумент: усечение из "double" в "GLfloat"
D:\Program Files (x86)\Microsoft Visual Studio\MULT\tut_Basic_Objects\main.cpp(255,25): warning C4305: аргумент: усечение из "double" в "GLfloat"
D:\Program Files (x86)\Microsoft Visual Studio\MULT\tut_Basic_Objects\main.cpp(257,25): warning C4305: аргумент: усечение из "double" в "GLfloat"
D:\Program Files (x86)\Microsoft Visual Studio\MULT\tut_Basic_Objects\main.cpp(259,28): warning C4305: аргумент: усечение из "double" в "GLfloat"
D:\Program Files (x86)\Microsoft Visual Studio\MULT\tut_Basic_Objects\main.cpp(260,26): warning C4305: аргумент: усечение из "double" в "GLfloat"
D:\Program Files (x86)\Microsoft Visual Studio\MULT\tut_Basic_Objects\main.cpp(261,26): warning C4305: аргумент: усечение из "double" в "GLfloat"
D:\Program Files (x86)\Microsoft Visual Studio\MULT\tut_Basic_Objects\main.cpp(263,25): warning C4305: аргумент: усечение из "double" в "GLfloat"
D:\Program Files (x86)\Microsoft Visual Studio\MULT\tut_Basic_Objects\main.cpp(266,28): warning C4305: аргумент: усечение из "double" в "GLfloat"
D:\Program Files (x86)\Microsoft Visual Studio\MULT\tut_Basic_Objects\main.cpp(267,25): warning C4305: аргумент: усечение из "double" в "GLfloat"
D:\Program Files (x86)\Microsoft Visual Studio\MULT\tut_Basic_Objects\main.cpp(268,25): warning C4305: аргумент: усечение из "double" в "GLfloat"
D:\Program Files (x86)\Microsoft Visual Studio\MULT\tut_Basic_Objects\main.cpp(269,25): warning C4305: аргумент: усечение из "double" в "GLfloat"
D:\Program Files (x86)\Microsoft Visual Studio\MULT\tut_Basic_Objects\main.cpp(270,25): warning C4305: аргумент: усечение из "double" в "GLfloat"
D:\Program Files (x86)\Microsoft Visual Studio\MULT\tut_Basic_Objects\main.cpp(272,28): warning C4305: аргумент: усечение из "double" в "GLfloat"
D:\Program Files (x86)\Microsoft Visual Studio\MULT\tut_Basic_Objects\main.cpp(273,26): warning C4305: аргумент: усечение из "double" в "GLfloat"
D:\Program Files (x86)\Microsoft Visual Studio\MULT\tut_Basic_Objects\main.cpp(274,26): warning C4305: аргумент: усечение из "double" в "GLfloat"
D:\Program Files (x86)\Microsoft Visual Studio\MULT\tut_Basic_Objects\main.cpp(275,25): warning C4305: аргумент: усечение из "double" в "GLfloat"
D:\Program Files (x86)\Microsoft Visual Studio\MULT\tut_Basic_Objects\main.cpp(276,25): warning C4305: аргумент: усечение из "double" в "GLfloat"
D:\Program Files (x86)\Microsoft Visual Studio\MULT\tut_Basic_Objects\main.cpp(279,28): warning C4305: аргумент: усечение из "double" в "GLfloat"
D:\Program Files (x86)\Microsoft Visual Studio\MULT\tut_Basic_Objects\main.cpp(280,26): warning C4305: аргумент: усечение из "double" в "GLfloat"
D:\Program Files (x86)\Microsoft Visual Studio\MULT\tut_Basic_Objects\main.cpp(281,26): warning C4305: аргумент: усечение из "double" в "GLfloat"
D:\Program Files (x86)\Microsoft Visual Studio\MULT\tut_Basic_Objects\main.cpp(282,25): warning C4305: аргумент: усечение из "double" в "GLfloat"
D:\Program Files (x86)\Microsoft Visual Studio\MULT\tut_Basic_Objects\main.cpp(283,25): warning C4305: аргумент: усечение из "double" в "GLfloat"
D:\Program Files (x86)\Microsoft Visual Studio\MULT\tut_Basic_Objects\main.cpp(285,28): warning C4305: аргумент: усечение из "double" в "GLfloat"
D:\Program Files (x86)\Microsoft Visual Studio\MULT\tut_Basic_Objects\main.cpp(286,28): warning C4305: аргумент: усечение из "double" в "GLfloat"
D:\Program Files (x86)\Microsoft Visual Studio\MULT\tut_Basic_Objects\main.cpp(287,28): warning C4305: аргумент: усечение из "double" в "GLfloat"
D:\Program Files (x86)\Microsoft Visual Studio\MULT\tut_Basic_Objects\main.cpp(288,27): warning C4305: аргумент: усечение из "double" в "GLfloat"
D:\Program Files (x86)\Microsoft Visual Studio\MULT\tut_Basic_Objects\main.cpp(289,27): warning C4305: аргумент: усечение из "double" в "GLfloat"
D:\Program Files (x86)\Microsoft Visual Studio\MULT\tut_Basic_Objects\main.cpp(291,28): warning C4305: аргумент: усечение из "double" в "GLfloat"
D:\Program Files (x86)\Microsoft Visual Studio\MULT\tut_Basic_Objects\main.cpp(292,27): warning C4305: аргумент: усечение из "double" в "GLfloat"
D:\Program Files (x86)\Microsoft Visual Studio\MULT\tut_Basic_Objects\main.cpp(293,27): warning C4305: аргумент: усечение из "double" в "GLfloat"
D:\Program Files (x86)\Microsoft Visual Studio\MULT\tut_Basic_Objects\main.cpp(294,27): warning C4305: аргумент: усечение из "double" в "GLfloat"
D:\Program Files (x86)\Microsoft Visual Studio\MULT\tut_Basic_Objects\main.cpp(295,27): warning C4305: аргумент: усечение из "double" в "GLfloat"
D:\Program Files (x86)\Microsoft Visual Studio\MULT\tut_Basic_Objects\main.cpp(298,28): warning C4305: аргумент: усечение из "double" в "GLfloat"
D:\Program Files (x86)\Microsoft Visual Studio\MULT\tut_Basic_Objects\main.cpp(299,28): warning C4305: аргумент: усечение из "double" в "GLfloat"
D:\Program Files (x86)\Microsoft Visual Studio\MULT\tut_Basic_Objects\main.cpp(300,26): warning C4305: аргумент: усечение из "double" в "GLfloat"
D:\Program Files (x86)\Microsoft Visual Studio\MULT\tut_Basic_Objects\main.cpp(301,26): warning C4305: аргумент: усечение из "double" в "GLfloat"
D:\Program Files (x86)\Microsoft Visual Studio\MULT\tut_Basic_Objects\main.cpp(302,28): warning C4305: аргумент: усечение из "double" в "GLfloat"
D:\Program Files (x86)\Microsoft Visual Studio\MULT\tut_Basic_Objects\main.cpp(304,28): warning C4305: аргумент: усечение из "double" в "GLfloat"
D:\Program Files (x86)\Microsoft Visual Studio\MULT\tut_Basic_Objects\main.cpp(305,26): warning C4305: аргумент: усечение из "double" в "GLfloat"
D:\Program Files (x86)\Microsoft Visual Studio\MULT\tut_Basic_Objects\main.cpp(306,27): warning C4305: аргумент: усечение из "double" в "GLfloat"
D:\Program Files (x86)\Microsoft Visual Studio\MULT\tut_Basic_Objects\main.cpp(307,27): warning C4305: аргумент: усечение из "double" в "GLfloat"
D:\Program Files (x86)\Microsoft Visual Studio\MULT\tut_Basic_Objects\main.cpp(308,26): warning C4305: аргумент: усечение из "double" в "GLfloat"
  tut_Basic_Objects.vcxproj -> D:\Program Files (x86)\Microsoft Visual Studio\MULT\Debug\tut_Basic_Objects.exe
